[2021-02-28 00:15:21] 開始登入內政部不動產時價登錄網......
[2021-02-28 00:15:22] 開始進行網頁自動化腳本操作......
[2021-02-28 00:15:31] 開始進行檔案下載......
[2021-02-28 00:15:37] 程式發生異常，原因如下 :　  File ".\spider.py", line 90, in <module>
    main()
  File ".\spider.py", line 83, in main
    driver.find_element_by_id('downloadBtnId').click() # 點選下載
  File "C:\ProgramData\Anaconda3\lib\site-packages\selenium\webdriver\remote\webelement.py", line 80, in click
    self._execute(Command.CLICK_ELEMENT)
  File "C:\ProgramData\Anaconda3\lib\site-packages\selenium\webdriver\remote\webelement.py", line 633, in _execute
    return self._parent.execute(command, params)
  File "C:\ProgramData\Anaconda3\lib\site-packages\selenium\webdriver\remote\webdriver.py", line 321, in execute
    self.error_handler.check_response(response)
  File "C:\ProgramData\Anaconda3\lib\site-packages\selenium\webdriver\remote\errorhandler.py", line 242, in check_response
    raise exception_class(message, screen, stacktrace)

  <class 'selenium.common.exceptions.ElementClickInterceptedException'> Message: element click intercepted: Element <input type="button" name="button9" id="downloadBtnId" value="下載" onclick="preDownload();"> is not clickable at point (1082, 182). Other element would receive the click: <div class="loadmask"></div>
  (Session info: chrome=88.0.4324.190)

[2021-02-28 00:16:36] 開始登入內政部不動產時價登錄網......
[2021-02-28 00:16:39] 開始進行網頁自動化腳本操作......
[2021-02-28 00:16:48] 開始進行檔案下載......
[2021-02-28 00:16:55] 程式發生異常，原因如下 :　  File ".\spider.py", line 91, in <module>
    main()
  File ".\spider.py", line 84, in main
    driver.find_element_by_id('downloadBtnId').click() # 點選下載
  File "C:\ProgramData\Anaconda3\lib\site-packages\selenium\webdriver\remote\webelement.py", line 80, in click
    self._execute(Command.CLICK_ELEMENT)
  File "C:\ProgramData\Anaconda3\lib\site-packages\selenium\webdriver\remote\webelement.py", line 633, in _execute
    return self._parent.execute(command, params)
  File "C:\ProgramData\Anaconda3\lib\site-packages\selenium\webdriver\remote\webdriver.py", line 321, in execute
    self.error_handler.check_response(response)
  File "C:\ProgramData\Anaconda3\lib\site-packages\selenium\webdriver\remote\errorhandler.py", line 242, in check_response
    raise exception_class(message, screen, stacktrace)

  <class 'selenium.common.exceptions.ElementClickInterceptedException'> Message: element click intercepted: Element <input type="button" name="button9" id="downloadBtnId" value="下載" onclick="preDownload();"> is not clickable at point (1270, 499). Other element would receive the click: <div class="loadmask"></div>
  (Session info: headless chrome=88.0.4324.190)

[2021-02-28 00:18:29] 開始登入內政部不動產時價登錄網......
[2021-02-28 00:18:30] 開始進行網頁自動化腳本操作......
[2021-02-28 00:18:39] 開始進行檔案下載......
[2021-02-28 00:21:08] 開始登入內政部不動產時價登錄網......
[2021-02-28 00:21:09] 開始進行網頁自動化腳本操作......
[2021-02-28 00:21:18] 開始進行檔案下載......
[2021-02-28 00:21:30] 程式發生異常，原因如下 :　  File ".\spider.py", line 91, in <module>
    main()
  File ".\spider.py", line 84, in main
    driver.find_element_by_id('downloadBtnId').click() # 點選下載
  File "C:\ProgramData\Anaconda3\lib\site-packages\selenium\webdriver\remote\webelement.py", line 80, in click
    self._execute(Command.CLICK_ELEMENT)
  File "C:\ProgramData\Anaconda3\lib\site-packages\selenium\webdriver\remote\webelement.py", line 633, in _execute
    return self._parent.execute(command, params)
  File "C:\ProgramData\Anaconda3\lib\site-packages\selenium\webdriver\remote\webdriver.py", line 321, in execute
    self.error_handler.check_response(response)
  File "C:\ProgramData\Anaconda3\lib\site-packages\selenium\webdriver\remote\errorhandler.py", line 242, in check_response
    raise exception_class(message, screen, stacktrace)

  <class 'selenium.common.exceptions.ElementClickInterceptedException'> Message: element click intercepted: Element <input type="button" name="button9" id="downloadBtnId" value="下載" onclick="preDownload();"> is not clickable at point (1082, 182). Other element would receive the click: <div class="loadmask"></div>
  (Session info: chrome=88.0.4324.190)

[2021-02-28 00:21:59] 開始登入內政部不動產時價登錄網......
[2021-02-28 00:22:24] 開始進行網頁自動化腳本操作......
[2021-02-28 00:22:33] 開始進行檔案下載......
[2021-02-28 00:25:26] 已成功下載所有檔案，程式完成作業......
[2021-02-28 00:26:01] 開始登入內政部不動產時價登錄網......
[2021-02-28 00:26:07] 開始進行網頁自動化腳本操作......
[2021-02-28 00:26:08] 程式發生異常，原因如下 :　  File ".\spider.py", line 91, in <module>
    main()
  File ".\spider.py", line 60, in main
    driver.find_element(By.XPATH, '//a[text()="非本期下載"]').click() # 點選非本期下載
  File "C:\ProgramData\Anaconda3\lib\site-packages\selenium\webdriver\remote\webelement.py", line 80, in click
    self._execute(Command.CLICK_ELEMENT)
  File "C:\ProgramData\Anaconda3\lib\site-packages\selenium\webdriver\remote\webelement.py", line 633, in _execute
    return self._parent.execute(command, params)
  File "C:\ProgramData\Anaconda3\lib\site-packages\selenium\webdriver\remote\webdriver.py", line 321, in execute
    self.error_handler.check_response(response)
  File "C:\ProgramData\Anaconda3\lib\site-packages\selenium\webdriver\remote\errorhandler.py", line 242, in check_response
    raise exception_class(message, screen, stacktrace)

  <class 'selenium.common.exceptions.ElementClickInterceptedException'> Message: element click intercepted: Element <a href="#tab_opendata_history_content" onclick="$('.tabOpenDataCss').empty();loadAjaxUrl('DownloadHistory_ajax_list','tab_opendata_history_content');" class="ui-tabs-anchor" role="presentation" tabindex="-1" id="ui-id-2">...</a> is not clickable at point (664, 218). Other element would receive the click: <div class="loadmask"></div>
  (Session info: chrome=88.0.4324.190)

[2021-02-28 00:26:31] 開始登入內政部不動產時價登錄網......
[2021-02-28 00:26:33] 開始進行網頁自動化腳本操作......
[2021-02-28 00:26:34] 程式發生異常，原因如下 :　  File ".\spider.py", line 91, in <module>
    main()
  File ".\spider.py", line 63, in main
    driver.find_element_by_xpath('//font/input[@value="1"]').send_keys(Keys.SPACE)
  File "C:\ProgramData\Anaconda3\lib\site-packages\selenium\webdriver\remote\webdriver.py", line 394, in find_element_by_xpath
    return self.find_element(by=By.XPATH, value=xpath)
  File "C:\ProgramData\Anaconda3\lib\site-packages\selenium\webdriver\remote\webdriver.py", line 978, in find_element
    'value': value})['value']
  File "C:\ProgramData\Anaconda3\lib\site-packages\selenium\webdriver\remote\webdriver.py", line 321, in execute
    self.error_handler.check_response(response)
  File "C:\ProgramData\Anaconda3\lib\site-packages\selenium\webdriver\remote\errorhandler.py", line 242, in check_response
    raise exception_class(message, screen, stacktrace)

  <class 'selenium.common.exceptions.NoSuchElementException'> Message: no such element: Unable to locate element: {"method":"xpath","selector":"//font/input[@value="1"]"}
  (Session info: chrome=88.0.4324.190)

[2021-02-28 00:26:52] 開始登入內政部不動產時價登錄網......
[2021-02-28 00:26:54] 開始進行網頁自動化腳本操作......
[2021-02-28 00:27:03] 開始進行檔案下載......
[2021-02-28 00:27:55] 程式發生異常，原因如下 :　  File ".\spider.py", line 91, in <module>
    main()
  File ".\spider.py", line 84, in main
    driver.find_element_by_id('downloadBtnId').click() # 點選下載
  File "C:\ProgramData\Anaconda3\lib\site-packages\selenium\webdriver\remote\webelement.py", line 80, in click
    self._execute(Command.CLICK_ELEMENT)
  File "C:\ProgramData\Anaconda3\lib\site-packages\selenium\webdriver\remote\webelement.py", line 633, in _execute
    return self._parent.execute(command, params)
  File "C:\ProgramData\Anaconda3\lib\site-packages\selenium\webdriver\remote\webdriver.py", line 321, in execute
    self.error_handler.check_response(response)
  File "C:\ProgramData\Anaconda3\lib\site-packages\selenium\webdriver\remote\errorhandler.py", line 242, in check_response
    raise exception_class(message, screen, stacktrace)

  <class 'selenium.common.exceptions.ElementClickInterceptedException'> Message: element click intercepted: Element <input type="button" name="button9" id="downloadBtnId" value="下載" onclick="preDownload();"> is not clickable at point (1082, 82). Other element would receive the click: <div class="loadmask"></div>
  (Session info: chrome=88.0.4324.190)

[2021-02-28 00:30:20] 開始登入內政部不動產時價登錄網......
[2021-02-28 00:30:34] 開始進行網頁自動化腳本操作......
[2021-02-28 00:30:43] 開始進行檔案下載......
[2021-02-28 00:31:06] 程式發生異常，原因如下 :　  File ".\spider.py", line 91, in <module>
    main()
  File ".\spider.py", line 84, in main
    driver.find_element_by_id('downloadBtnId').click() # 點選下載
  File "C:\ProgramData\Anaconda3\lib\site-packages\selenium\webdriver\remote\webelement.py", line 80, in click
    self._execute(Command.CLICK_ELEMENT)
  File "C:\ProgramData\Anaconda3\lib\site-packages\selenium\webdriver\remote\webelement.py", line 633, in _execute
    return self._parent.execute(command, params)
  File "C:\ProgramData\Anaconda3\lib\site-packages\selenium\webdriver\remote\webdriver.py", line 321, in execute
    self.error_handler.check_response(response)
  File "C:\ProgramData\Anaconda3\lib\site-packages\selenium\webdriver\remote\errorhandler.py", line 242, in check_response
    raise exception_class(message, screen, stacktrace)

  <class 'selenium.common.exceptions.ElementClickInterceptedException'> Message: element click intercepted: Element <input type="button" name="button9" id="downloadBtnId" value="下載" onclick="preDownload();"> is not clickable at point (1270, 499). Other element would receive the click: <div class="loadmask"></div>
  (Session info: headless chrome=88.0.4324.190)

[2021-02-28 00:31:43] 開始登入內政部不動產時價登錄網......
[2021-02-28 00:34:51] 開始進行網頁自動化腳本操作......
[2021-02-28 00:34:52] 程式發生異常，原因如下 :　  File ".\spider.py", line 91, in <module>
    main()
  File ".\spider.py", line 60, in main
    driver.find_element(By.XPATH, '//a[text()="非本期下載"]').click() # 點選非本期下載
  File "C:\ProgramData\Anaconda3\lib\site-packages\selenium\webdriver\remote\webelement.py", line 80, in click
    self._execute(Command.CLICK_ELEMENT)
  File "C:\ProgramData\Anaconda3\lib\site-packages\selenium\webdriver\remote\webelement.py", line 633, in _execute
    return self._parent.execute(command, params)
  File "C:\ProgramData\Anaconda3\lib\site-packages\selenium\webdriver\remote\webdriver.py", line 321, in execute
    self.error_handler.check_response(response)
  File "C:\ProgramData\Anaconda3\lib\site-packages\selenium\webdriver\remote\errorhandler.py", line 242, in check_response
    raise exception_class(message, screen, stacktrace)

  <class 'selenium.common.exceptions.ElementClickInterceptedException'> Message: element click intercepted: Element <a href="#tab_opendata_history_content" onclick="$('.tabOpenDataCss').empty();loadAjaxUrl('DownloadHistory_ajax_list','tab_opendata_history_content');" class="ui-tabs-anchor" role="presentation" tabindex="-1" id="ui-id-2">...</a> is not clickable at point (855, 218). Other element would receive the click: <div class="loadmask"></div>
  (Session info: headless chrome=88.0.4324.190)

[2021-02-28 00:42:21] 開始登入內政部不動產時價登錄網......
[2021-02-28 00:42:25] 開始進行網頁自動化腳本操作......
[2021-02-28 00:42:34] 開始進行檔案下載......
[2021-02-28 00:43:36] 開始登入內政部不動產時價登錄網......
[2021-02-28 00:43:37] 開始進行網頁自動化腳本操作......
[2021-02-28 00:43:46] 開始進行檔案下載......
[2021-02-28 00:46:39] 已成功下載所有檔案，程式完成作業......
[2021-02-28 00:49:31] 開始登入內政部不動產時價登錄網......
[2021-02-28 00:49:32] 開始進行網頁自動化腳本操作......
[2021-02-28 00:49:40] 開始進行檔案下載......
[2021-02-28 00:54:16] 開始登入內政部不動產時價登錄網......
[2021-02-28 00:54:17] 開始進行網頁自動化腳本操作......
[2021-02-28 00:54:26] 開始進行檔案下載......
[2021-02-28 00:55:21] 開始登入內政部不動產時價登錄網......
[2021-02-28 00:55:22] 開始進行網頁自動化腳本操作......
[2021-02-28 00:55:31] 開始進行檔案下載......
[2021-02-28 00:58:23] 已成功下載所有檔案，程式完成作業......
[2021-02-28 01:04:18] 開始登入內政部不動產時價登錄網......
[2021-02-28 01:04:19] 開始進行網頁自動化腳本操作......
[2021-02-28 01:04:29] 開始進行檔案下載......
[2021-02-28 01:04:31] 程式發生異常，原因如下 :　  File ".\spider.py", line 106, in <module>
    main()
  File ".\spider.py", line 96, in main
    Select(driver.find_element_by_id('historySeason_id')).select_by_value(year + season) # 下載檔案格式選擇CSV格式
  File "C:\ProgramData\Anaconda3\lib\site-packages\selenium\webdriver\remote\webdriver.py", line 360, in find_element_by_id
    return self.find_element(by=By.ID, value=id_)
  File "C:\ProgramData\Anaconda3\lib\site-packages\selenium\webdriver\remote\webdriver.py", line 978, in find_element
    'value': value})['value']
  File "C:\ProgramData\Anaconda3\lib\site-packages\selenium\webdriver\remote\webdriver.py", line 321, in execute
    self.error_handler.check_response(response)
  File "C:\ProgramData\Anaconda3\lib\site-packages\selenium\webdriver\remote\errorhandler.py", line 242, in check_response
    raise exception_class(message, screen, stacktrace)

  <class 'selenium.common.exceptions.NoSuchElementException'> Message: no such element: Unable to locate element: {"method":"css selector","selector":"[id="historySeason_id"]"}
  (Session info: headless chrome=88.0.4324.190)

[2021-02-28 01:06:05] 開始登入內政部不動產時價登錄網......
[2021-02-28 01:06:06] 開始進行網頁自動化腳本操作......
[2021-02-28 01:06:14] 開始進行檔案下載......
[2021-02-28 01:08:31] 開始登入內政部不動產時價登錄網......
[2021-02-28 01:08:32] 開始進行網頁自動化腳本操作......
[2021-02-28 01:08:41] 開始進行檔案下載......
[2021-02-28 01:09:46] 開始登入內政部不動產時價登錄網......
[2021-02-28 01:09:47] 開始進行網頁自動化腳本操作......
[2021-02-28 01:09:56] 開始進行檔案下載......
[2021-02-28 01:12:00] 開始登入內政部不動產時價登錄網......
[2021-02-28 01:12:02] 開始進行網頁自動化腳本操作......
[2021-02-28 01:12:10] 開始進行檔案下載......
[2021-02-28 01:14:04] 開始登入內政部不動產時價登錄網......
[2021-02-28 01:14:05] 開始進行網頁自動化腳本操作......
[2021-02-28 01:14:14] 開始進行檔案下載......
[2021-02-28 01:14:16] 程式發生異常，原因如下 :　  File ".\spider.py", line 91, in <module>
    main()
  File ".\spider.py", line 83, in main
    Select(driver.find_element_by_id('historySeason_id')).select_by_value(year + season) # 下載檔案格式選擇CSV格式
  File "C:\ProgramData\Anaconda3\lib\site-packages\selenium\webdriver\remote\webdriver.py", line 360, in find_element_by_id
    return self.find_element(by=By.ID, value=id_)
  File "C:\ProgramData\Anaconda3\lib\site-packages\selenium\webdriver\remote\webdriver.py", line 978, in find_element
    'value': value})['value']
  File "C:\ProgramData\Anaconda3\lib\site-packages\selenium\webdriver\remote\webdriver.py", line 321, in execute
    self.error_handler.check_response(response)
  File "C:\ProgramData\Anaconda3\lib\site-packages\selenium\webdriver\remote\errorhandler.py", line 242, in check_response
    raise exception_class(message, screen, stacktrace)

  <class 'selenium.common.exceptions.NoSuchElementException'> Message: no such element: Unable to locate element: {"method":"css selector","selector":"[id="historySeason_id"]"}
  (Session info: chrome=88.0.4324.190)

[2021-02-28 01:15:19] 開始登入內政部不動產時價登錄網......
[2021-02-28 01:15:21] 開始進行網頁自動化腳本操作......
[2021-02-28 01:15:29] 開始進行檔案下載......
[2021-02-28 01:15:31] 程式發生異常，原因如下 :　  File ".\spider.py", line 90, in <module>
    main()
  File ".\spider.py", line 84, in main
    driver.find_element_by_id('downloadBtnId').click() # 點選下載
  File "C:\ProgramData\Anaconda3\lib\site-packages\selenium\webdriver\remote\webelement.py", line 80, in click
    self._execute(Command.CLICK_ELEMENT)
  File "C:\ProgramData\Anaconda3\lib\site-packages\selenium\webdriver\remote\webelement.py", line 633, in _execute
    return self._parent.execute(command, params)
  File "C:\ProgramData\Anaconda3\lib\site-packages\selenium\webdriver\remote\webdriver.py", line 321, in execute
    self.error_handler.check_response(response)
  File "C:\ProgramData\Anaconda3\lib\site-packages\selenium\webdriver\remote\errorhandler.py", line 242, in check_response
    raise exception_class(message, screen, stacktrace)

  <class 'selenium.common.exceptions.ElementClickInterceptedException'> Message: element click intercepted: Element <input type="button" name="button9" id="downloadBtnId" value="下載" onclick="preDownload();"> is not clickable at point (1082, 225). Other element would receive the click: <div class="loadmask"></div>
  (Session info: chrome=88.0.4324.190)

[2021-02-28 01:16:00] 開始登入內政部不動產時價登錄網......
[2021-02-28 01:16:01] 開始進行網頁自動化腳本操作......
[2021-02-28 01:16:10] 開始進行檔案下載......
[2021-02-28 01:16:11] 程式發生異常，原因如下 :　  File ".\spider.py", line 90, in <module>
    main()
  File ".\spider.py", line 84, in main
    driver.find_element_by_id('downloadBtnId').click() # 點選下載
  File "C:\ProgramData\Anaconda3\lib\site-packages\selenium\webdriver\remote\webelement.py", line 80, in click
    self._execute(Command.CLICK_ELEMENT)
  File "C:\ProgramData\Anaconda3\lib\site-packages\selenium\webdriver\remote\webelement.py", line 633, in _execute
    return self._parent.execute(command, params)
  File "C:\ProgramData\Anaconda3\lib\site-packages\selenium\webdriver\remote\webdriver.py", line 321, in execute
    self.error_handler.check_response(response)
  File "C:\ProgramData\Anaconda3\lib\site-packages\selenium\webdriver\remote\errorhandler.py", line 242, in check_response
    raise exception_class(message, screen, stacktrace)

  <class 'selenium.common.exceptions.ElementClickInterceptedException'> Message: element click intercepted: Element <input type="button" name="button9" id="downloadBtnId" value="下載" onclick="preDownload();"> is not clickable at point (1082, 377). Other element would receive the click: <div class="loadmask"></div>
  (Session info: chrome=88.0.4324.190)

[2021-02-28 01:17:59] 開始登入內政部不動產時價登錄網......
[2021-02-28 01:18:00] 開始進行網頁自動化腳本操作......
[2021-02-28 01:18:09] 開始進行檔案下載......
[2021-02-28 01:20:17] 開始登入內政部不動產時價登錄網......
[2021-02-28 01:20:18] 開始進行網頁自動化腳本操作......
[2021-02-28 01:20:27] 開始進行檔案下載......
[2021-02-28 01:22:59] 開始登入內政部不動產時價登錄網......
[2021-02-28 01:23:14] 開始進行網頁自動化腳本操作......
[2021-02-28 01:23:16] 程式發生異常，原因如下 :　  File "spider.py", line 90, in <module>
    try:
  File "spider.py", line 82, in main
    for season in seasons:
  File "C:\ProgramData\Anaconda3\lib\site-packages\selenium\webdriver\remote\webdriver.py", line 360, in find_element_by_id
    return self.find_element(by=By.ID, value=id_)
  File "C:\ProgramData\Anaconda3\lib\site-packages\selenium\webdriver\remote\webdriver.py", line 978, in find_element
    'value': value})['value']
  File "C:\ProgramData\Anaconda3\lib\site-packages\selenium\webdriver\remote\webdriver.py", line 321, in execute
    self.error_handler.check_response(response)
  File "C:\ProgramData\Anaconda3\lib\site-packages\selenium\webdriver\remote\errorhandler.py", line 242, in check_response
    raise exception_class(message, screen, stacktrace)

  <class 'selenium.common.exceptions.WebDriverException'> Message: chrome not reachable
  (Session info: chrome=88.0.4324.190)

[2021-02-28 01:23:23] 開始進行檔案下載......
[2021-02-28 01:23:56] 程式發生異常，原因如下 :　  File ".\spider.py", line 91, in <module>
    main()
  File ".\spider.py", line 83, in main
    Select(driver.find_element_by_id('historySeason_id')).select_by_value(year + season) # 下載檔案格式選擇CSV格式
  File "C:\ProgramData\Anaconda3\lib\site-packages\selenium\webdriver\remote\webdriver.py", line 360, in find_element_by_id
    return self.find_element(by=By.ID, value=id_)
  File "C:\ProgramData\Anaconda3\lib\site-packages\selenium\webdriver\remote\webdriver.py", line 978, in find_element
    'value': value})['value']
  File "C:\ProgramData\Anaconda3\lib\site-packages\selenium\webdriver\remote\webdriver.py", line 321, in execute
    self.error_handler.check_response(response)
  File "C:\ProgramData\Anaconda3\lib\site-packages\selenium\webdriver\remote\errorhandler.py", line 242, in check_response
    raise exception_class(message, screen, stacktrace)

  <class 'selenium.common.exceptions.WebDriverException'> Message: chrome not reachable
  (Session info: chrome=88.0.4324.190)

[2021-02-28 01:25:22] 開始登入內政部不動產時價登錄網......
[2021-02-28 01:25:24] 開始進行網頁自動化腳本操作......
[2021-02-28 01:25:33] 開始進行檔案下載......
[2021-02-28 01:25:56] 程式發生異常，原因如下 :　  File ".\spider.py", line 91, in <module>
    main()
  File ".\spider.py", line 83, in main
    Select(driver.find_element_by_id('historySeason_id')).select_by_value(year + season) # 下載檔案格式選擇CSV格式
  File "C:\ProgramData\Anaconda3\lib\site-packages\selenium\webdriver\remote\webdriver.py", line 360, in find_element_by_id
    return self.find_element(by=By.ID, value=id_)
  File "C:\ProgramData\Anaconda3\lib\site-packages\selenium\webdriver\remote\webdriver.py", line 978, in find_element
    'value': value})['value']
  File "C:\ProgramData\Anaconda3\lib\site-packages\selenium\webdriver\remote\webdriver.py", line 321, in execute
    self.error_handler.check_response(response)
  File "C:\ProgramData\Anaconda3\lib\site-packages\selenium\webdriver\remote\errorhandler.py", line 242, in check_response
    raise exception_class(message, screen, stacktrace)

  <class 'selenium.common.exceptions.NoSuchWindowException'> Message: no such window: window was already closed
  (Session info: chrome=88.0.4324.190)

[2021-02-28 01:26:41] 開始登入內政部不動產時價登錄網......
[2021-02-28 01:26:42] 開始進行網頁自動化腳本操作......
[2021-02-28 01:26:51] 開始進行檔案下載......
[2021-02-28 01:27:20] 開始登入內政部不動產時價登錄網......
[2021-02-28 01:27:23] 開始進行網頁自動化腳本操作......
[2021-02-28 01:27:31] 開始進行檔案下載......
[2021-02-28 01:30:18] 開始登入內政部不動產時價登錄網......
[2021-02-28 01:30:19] 開始進行網頁自動化腳本操作......
[2021-02-28 01:30:28] 開始進行檔案下載......
[2021-02-28 01:30:36] 程式發生異常，原因如下 :　  File ".\spider.py", line 90, in <module>
    main()
  File ".\spider.py", line 83, in main
    driver.find_element_by_id('downloadBtnId').click() # 點選下載
  File "C:\ProgramData\Anaconda3\lib\site-packages\selenium\webdriver\remote\webelement.py", line 80, in click
    self._execute(Command.CLICK_ELEMENT)
  File "C:\ProgramData\Anaconda3\lib\site-packages\selenium\webdriver\remote\webelement.py", line 633, in _execute
    return self._parent.execute(command, params)
  File "C:\ProgramData\Anaconda3\lib\site-packages\selenium\webdriver\remote\webdriver.py", line 321, in execute
    self.error_handler.check_response(response)
  File "C:\ProgramData\Anaconda3\lib\site-packages\selenium\webdriver\remote\errorhandler.py", line 242, in check_response
    raise exception_class(message, screen, stacktrace)

  <class 'selenium.common.exceptions.ElementClickInterceptedException'> Message: element click intercepted: Element <input type="button" name="button9" id="downloadBtnId" value="下載" onclick="preDownload();"> is not clickable at point (1082, 149). Other element would receive the click: <div class="loadmask"></div>
  (Session info: chrome=88.0.4324.190)

