[2021-02-27 16:52:41] 成功讀取data\103S1\A_lvr_land_A.csv，並寫入dataframe
[2021-02-27 16:52:43] 成功讀取data\103S1\B_lvr_land_B.csv，並寫入dataframe
[2021-02-27 16:52:45] 成功讀取data\103S1\E_lvr_land_A.csv，並寫入dataframe
[2021-02-27 16:52:48] 成功讀取data\103S1\F_lvr_land_A.csv，並寫入dataframe
[2021-02-27 16:52:49] 成功讀取data\103S1\H_lvr_land_B.csv，並寫入dataframe
[2021-02-27 16:52:51] 成功讀取data\103S2\A_lvr_land_A.csv，並寫入dataframe
[2021-02-27 16:52:53] 成功讀取data\103S2\B_lvr_land_B.csv，並寫入dataframe
[2021-02-27 16:52:55] 成功讀取data\103S2\E_lvr_land_A.csv，並寫入dataframe
[2021-02-27 16:52:57] 成功讀取data\103S2\F_lvr_land_A.csv，並寫入dataframe
[2021-02-27 16:52:59] 成功讀取data\103S2\H_lvr_land_B.csv，並寫入dataframe
[2021-02-27 16:53:01] 成功讀取data\103S3\A_lvr_land_A.csv，並寫入dataframe
[2021-02-27 16:53:02] 成功讀取data\103S3\B_lvr_land_B.csv，並寫入dataframe
[2021-02-27 16:53:04] 成功讀取data\103S3\E_lvr_land_A.csv，並寫入dataframe
[2021-02-27 16:53:06] 成功讀取data\103S3\F_lvr_land_A.csv，並寫入dataframe
[2021-02-27 16:53:07] 成功讀取data\103S3\H_lvr_land_B.csv，並寫入dataframe
[2021-02-27 16:53:09] 成功讀取data\103S4\A_lvr_land_A.csv，並寫入dataframe
[2021-02-27 16:53:11] 成功讀取data\103S4\B_lvr_land_B.csv，並寫入dataframe
[2021-02-27 16:53:12] 成功讀取data\103S4\E_lvr_land_A.csv，並寫入dataframe
[2021-02-27 16:53:14] 成功讀取data\103S4\F_lvr_land_A.csv，並寫入dataframe
[2021-02-27 16:53:16] 成功讀取data\103S4\H_lvr_land_B.csv，並寫入dataframe
[2021-02-27 16:53:18] 成功讀取data\104S1\A_lvr_land_A.csv，並寫入dataframe
[2021-02-27 16:53:19] 成功讀取data\104S1\B_lvr_land_B.csv，並寫入dataframe
[2021-02-27 16:53:21] 成功讀取data\104S1\E_lvr_land_A.csv，並寫入dataframe
[2021-02-27 16:53:23] 成功讀取data\104S1\F_lvr_land_A.csv，並寫入dataframe
[2021-02-27 16:53:24] 成功讀取data\104S1\H_lvr_land_B.csv，並寫入dataframe
[2021-02-27 16:53:26] 成功讀取data\104S2\A_lvr_land_A.csv，並寫入dataframe
[2021-02-27 16:53:27] 成功讀取data\104S2\B_lvr_land_B.csv，並寫入dataframe
[2021-02-27 16:53:29] 成功讀取data\104S2\E_lvr_land_A.csv，並寫入dataframe
[2021-02-27 16:53:30] 成功讀取data\104S2\F_lvr_land_A.csv，並寫入dataframe
[2021-02-27 16:53:32] 成功讀取data\104S2\H_lvr_land_B.csv，並寫入dataframe
[2021-02-27 16:53:33] 成功讀取data\104S3\A_lvr_land_A.csv，並寫入dataframe
[2021-02-27 16:53:35] 成功讀取data\104S3\B_lvr_land_B.csv，並寫入dataframe
[2021-02-27 16:53:36] 成功讀取data\104S3\E_lvr_land_A.csv，並寫入dataframe
[2021-02-27 16:53:38] 成功讀取data\104S3\F_lvr_land_A.csv，並寫入dataframe
[2021-02-27 16:53:40] 成功讀取data\104S3\H_lvr_land_B.csv，並寫入dataframe
[2021-02-27 16:53:41] 成功讀取data\104S4\A_lvr_land_A.csv，並寫入dataframe
[2021-02-27 16:53:41] data\104S4\B_lvr_land_B.csv檔案大小為0，將不寫入dataframe
[2021-02-27 16:53:43] 成功讀取data\104S4\E_lvr_land_A.csv，並寫入dataframe
[2021-02-27 16:53:44] 成功讀取data\104S4\F_lvr_land_A.csv，並寫入dataframe
[2021-02-27 16:53:46] 成功讀取data\104S4\H_lvr_land_B.csv，並寫入dataframe
[2021-02-27 16:53:47] 成功讀取data\105S1\A_lvr_land_A.csv，並寫入dataframe
[2021-02-27 16:53:52] 成功讀取data\105S1\B_lvr_land_B.csv，並寫入dataframe
[2021-02-27 16:53:53] 成功讀取data\105S1\E_lvr_land_A.csv，並寫入dataframe
[2021-02-27 16:53:55] 成功讀取data\105S1\F_lvr_land_A.csv，並寫入dataframe
[2021-02-27 16:53:56] 成功讀取data\105S1\H_lvr_land_B.csv，並寫入dataframe
[2021-02-27 16:53:58] 成功讀取data\105S2\A_lvr_land_A.csv，並寫入dataframe
[2021-02-27 16:53:59] 成功讀取data\105S2\B_lvr_land_B.csv，並寫入dataframe
[2021-02-27 16:54:01] 成功讀取data\105S2\E_lvr_land_A.csv，並寫入dataframe
[2021-02-27 16:54:02] 成功讀取data\105S2\F_lvr_land_A.csv，並寫入dataframe
[2021-02-27 16:54:04] 成功讀取data\105S2\H_lvr_land_B.csv，並寫入dataframe
[2021-02-27 16:54:05] 成功讀取data\105S3\A_lvr_land_A.csv，並寫入dataframe
[2021-02-27 16:54:07] 成功讀取data\105S3\B_lvr_land_B.csv，並寫入dataframe
[2021-02-27 16:54:09] 成功讀取data\105S3\E_lvr_land_A.csv，並寫入dataframe
[2021-02-27 16:54:10] 成功讀取data\105S3\F_lvr_land_A.csv，並寫入dataframe
[2021-02-27 16:54:12] 成功讀取data\105S3\H_lvr_land_B.csv，並寫入dataframe
[2021-02-27 16:54:13] 成功讀取data\105S4\A_lvr_land_A.csv，並寫入dataframe
[2021-02-27 16:54:15] 成功讀取data\105S4\B_lvr_land_B.csv，並寫入dataframe
[2021-02-27 16:54:16] 成功讀取data\105S4\E_lvr_land_A.csv，並寫入dataframe
[2021-02-27 16:54:18] 成功讀取data\105S4\F_lvr_land_A.csv，並寫入dataframe
[2021-02-27 16:54:19] 成功讀取data\105S4\H_lvr_land_B.csv，並寫入dataframe
[2021-02-27 16:54:21] 成功讀取data\106S1\A_lvr_land_A.csv，並寫入dataframe
[2021-02-27 16:54:25] 成功讀取data\106S1\B_lvr_land_B.csv，並寫入dataframe
[2021-02-27 16:54:27] 成功讀取data\106S1\E_lvr_land_A.csv，並寫入dataframe
[2021-02-27 16:54:28] 成功讀取data\106S1\F_lvr_land_A.csv，並寫入dataframe
[2021-02-27 16:54:30] 成功讀取data\106S1\H_lvr_land_B.csv，並寫入dataframe
[2021-02-27 16:54:32] 成功讀取data\106S2\A_lvr_land_A.csv，並寫入dataframe
[2021-02-27 16:54:32] data\106S2\B_lvr_land_B.csv檔案大小為0，將不寫入dataframe
[2021-02-27 16:54:33] 成功讀取data\106S2\E_lvr_land_A.csv，並寫入dataframe
[2021-02-27 16:54:35] 成功讀取data\106S2\F_lvr_land_A.csv，並寫入dataframe
[2021-02-27 16:54:37] 成功讀取data\106S2\H_lvr_land_B.csv，並寫入dataframe
[2021-02-27 16:54:39] 成功讀取data\106S3\A_lvr_land_A.csv，並寫入dataframe
[2021-02-27 16:54:58] 成功讀取data\106S3\B_lvr_land_B.csv，並寫入dataframe
[2021-02-27 16:55:00] 成功讀取data\106S3\E_lvr_land_A.csv，並寫入dataframe
[2021-02-27 16:55:02] 成功讀取data\106S3\F_lvr_land_A.csv，並寫入dataframe
[2021-02-27 16:55:03] 成功讀取data\106S3\H_lvr_land_B.csv，並寫入dataframe
[2021-02-27 16:55:05] 成功讀取data\106S4\A_lvr_land_A.csv，並寫入dataframe
[2021-02-27 16:55:09] 成功讀取data\106S4\B_lvr_land_B.csv，並寫入dataframe
[2021-02-27 16:55:11] 成功讀取data\106S4\E_lvr_land_A.csv，並寫入dataframe
[2021-02-27 16:55:12] 成功讀取data\106S4\F_lvr_land_A.csv，並寫入dataframe
[2021-02-27 16:55:14] 成功讀取data\106S4\H_lvr_land_B.csv，並寫入dataframe
[2021-02-27 16:55:15] 成功讀取data\107S1\A_lvr_land_A.csv，並寫入dataframe
[2021-02-27 16:55:17] 成功讀取data\107S1\B_lvr_land_B.csv，並寫入dataframe
[2021-02-27 16:55:19] 成功讀取data\107S1\E_lvr_land_A.csv，並寫入dataframe
[2021-02-27 16:55:20] 成功讀取data\107S1\F_lvr_land_A.csv，並寫入dataframe
[2021-02-27 16:55:22] 成功讀取data\107S1\H_lvr_land_B.csv，並寫入dataframe
[2021-02-27 16:55:23] 成功讀取data\107S2\A_lvr_land_A.csv，並寫入dataframe
[2021-02-27 16:55:25] 成功讀取data\107S2\B_lvr_land_B.csv，並寫入dataframe
[2021-02-27 16:55:26] 成功讀取data\107S2\E_lvr_land_A.csv，並寫入dataframe
[2021-02-27 16:55:28] 成功讀取data\107S2\F_lvr_land_A.csv，並寫入dataframe
[2021-02-27 16:55:29] 成功讀取data\107S2\H_lvr_land_B.csv，並寫入dataframe
[2021-02-27 16:55:31] 成功讀取data\107S3\A_lvr_land_A.csv，並寫入dataframe
[2021-02-27 16:55:33] 成功讀取data\107S3\B_lvr_land_B.csv，並寫入dataframe
[2021-02-27 16:55:34] 成功讀取data\107S3\E_lvr_land_A.csv，並寫入dataframe
[2021-02-27 16:55:36] 成功讀取data\107S3\F_lvr_land_A.csv，並寫入dataframe
[2021-02-27 16:55:37] 成功讀取data\107S3\H_lvr_land_B.csv，並寫入dataframe
[2021-02-27 16:55:39] 成功讀取data\107S4\A_lvr_land_A.csv，並寫入dataframe
[2021-02-27 16:55:43] 成功讀取data\107S4\B_lvr_land_B.csv，並寫入dataframe
[2021-02-27 16:55:46] 成功讀取data\107S4\E_lvr_land_A.csv，並寫入dataframe
[2021-02-27 16:55:47] 成功讀取data\107S4\F_lvr_land_A.csv，並寫入dataframe
[2021-02-27 16:55:49] 成功讀取data\107S4\H_lvr_land_B.csv，並寫入dataframe
[2021-02-27 16:55:51] 成功讀取data\108S1\A_lvr_land_A.csv，並寫入dataframe
[2021-02-27 16:55:52] 成功讀取data\108S1\B_lvr_land_B.csv，並寫入dataframe
[2021-02-27 16:55:54] 成功讀取data\108S1\E_lvr_land_A.csv，並寫入dataframe
[2021-02-27 16:55:56] 成功讀取data\108S1\F_lvr_land_A.csv，並寫入dataframe
[2021-02-27 16:55:57] 成功讀取data\108S1\H_lvr_land_B.csv，並寫入dataframe
[2021-02-27 16:55:59] 成功讀取data\108S2\A_lvr_land_A.csv，並寫入dataframe
[2021-02-27 16:56:01] 成功讀取data\108S2\B_lvr_land_B.csv，並寫入dataframe
[2021-02-27 16:56:03] 成功讀取data\108S2\E_lvr_land_A.csv，並寫入dataframe
[2021-02-27 16:56:05] 成功讀取data\108S2\F_lvr_land_A.csv，並寫入dataframe
[2021-02-27 16:56:06] 成功讀取data\108S2\H_lvr_land_B.csv，並寫入dataframe
[2021-02-27 16:56:08] 成功讀取data\108S3\A_lvr_land_A.csv，並寫入dataframe
[2021-02-27 16:56:10] 成功讀取data\108S3\B_lvr_land_B.csv，並寫入dataframe
[2021-02-27 16:56:11] 成功讀取data\108S3\E_lvr_land_A.csv，並寫入dataframe
[2021-02-27 16:56:13] 成功讀取data\108S3\F_lvr_land_A.csv，並寫入dataframe
[2021-02-27 16:56:15] 成功讀取data\108S3\H_lvr_land_B.csv，並寫入dataframe
[2021-02-27 16:56:17] 成功讀取data\108S4\A_lvr_land_A.csv，並寫入dataframe
[2021-02-27 16:56:18] 成功讀取data\108S4\B_lvr_land_B.csv，並寫入dataframe
[2021-02-27 16:56:20] 成功讀取data\108S4\E_lvr_land_A.csv，並寫入dataframe
[2021-02-27 16:56:22] 成功讀取data\108S4\F_lvr_land_A.csv，並寫入dataframe
[2021-02-27 16:56:24] 成功讀取data\108S4\H_lvr_land_B.csv，並寫入dataframe
[2021-02-27 16:56:24] 已完成全部CSV檔案的讀取，將開始進行ETL操作......
[2021-02-27 20:57:27] 已完成全部json的產生，程式完成作業......
